20:47:31: Creating resource group General
20:47:31: Creating resource group Internal
20:47:31: Creating resource group Autodetect
20:47:31: Registering ResourceManager for type Mesh
20:47:31: Registering ResourceManager for type Material
20:47:31: Registering ResourceManager for type Skeleton
20:47:31: XMLMeshSerializer reading mesh data from Untitled.008.mesh.xml...
20:47:31: Reading geometry...
20:47:31: Geometry done...
20:47:31: Reading submeshes...
20:47:31: Submeshes done.
20:47:31: Reading mesh names...
20:47:31: Mesh names done.
20:47:31: XMLMeshSerializer import successful.
20:47:31: Reorganising vertex buffers to automatic layout..
20:47:31: MeshSerializer writing mesh data to stream ...
20:47:31: File header written.
20:47:31: Writing mesh data...
20:47:31: Writing submesh...
20:47:31: Exporting submesh texture aliases...
20:47:31: Submesh texture aliases exported.
20:47:31: Submesh exported.
20:47:31: Exporting bounds information....
20:47:31: Bounds information exported.
20:47:31: Exporting submesh name table...
20:47:31: Submesh name table exported.
20:47:31: Exporting edge lists...
20:47:31: Edge lists exported
20:47:31: Mesh data exported.
20:47:31: MeshSerializer export successful.
20:47:31: Unregistering ResourceManager for type Skeleton
20:47:31: Unregistering ResourceManager for type Material
20:47:31: Unregistering ResourceManager for type Mesh
