17:13:55: Creating resource group General
17:13:55: Creating resource group Internal
17:13:55: Creating resource group Autodetect
17:13:55: Registering ResourceManager for type Mesh
17:13:55: Registering ResourceManager for type Material
17:13:55: Registering ResourceManager for type Skeleton
17:13:55: XMLMeshSerializer reading mesh data from Untitled.001.mesh.xml...
17:13:55: Reading geometry...
17:13:56: Geometry done...
17:13:56: Reading submeshes...
17:13:56: Submeshes done.
17:13:56: Reading mesh names...
17:13:56: Mesh names done.
17:13:56: XMLMeshSerializer import successful.
17:13:56: Reorganising vertex buffers to automatic layout..
17:13:56: MeshSerializer writing mesh data to stream ...
17:13:56: File header written.
17:13:56: Writing mesh data...
17:13:56: Writing submesh...
17:13:56: Exporting submesh texture aliases...
17:13:56: Submesh texture aliases exported.
17:13:56: Submesh exported.
17:13:56: Writing submesh...
17:13:56: Exporting submesh texture aliases...
17:13:56: Submesh texture aliases exported.
17:13:56: Submesh exported.
17:13:56: Writing submesh...
17:13:56: Exporting submesh texture aliases...
17:13:56: Submesh texture aliases exported.
17:13:56: Submesh exported.
17:13:56: Writing submesh...
17:13:56: Exporting submesh texture aliases...
17:13:56: Submesh texture aliases exported.
17:13:56: Submesh exported.
17:13:56: Exporting bounds information....
17:13:56: Bounds information exported.
17:13:56: Exporting submesh name table...
17:13:56: Submesh name table exported.
17:13:56: Exporting edge lists...
17:13:56: Edge lists exported
17:13:56: Mesh data exported.
17:13:56: MeshSerializer export successful.
17:13:56: Unregistering ResourceManager for type Skeleton
17:13:56: Unregistering ResourceManager for type Material
17:13:56: Unregistering ResourceManager for type Mesh
