21:17:54: Creating resource group General
21:17:54: Creating resource group Internal
21:17:54: Creating resource group Autodetect
21:17:54: Registering ResourceManager for type Mesh
21:17:54: Registering ResourceManager for type Material
21:17:54: Registering ResourceManager for type Skeleton
21:17:54: XMLMeshSerializer reading mesh data from Untitled.017.mesh.xml...
21:17:54: Reading geometry...
21:17:54: Geometry done...
21:17:54: Reading submeshes...
21:17:54: Submeshes done.
21:17:54: Reading mesh names...
21:17:54: Mesh names done.
21:17:54: XMLMeshSerializer import successful.
21:17:54: Reorganising vertex buffers to automatic layout..
21:17:54: MeshSerializer writing mesh data to stream ...
21:17:54: File header written.
21:17:54: Writing mesh data...
21:17:54: Writing submesh...
21:17:54: Exporting submesh texture aliases...
21:17:54: Submesh texture aliases exported.
21:17:54: Submesh exported.
21:17:54: Writing submesh...
21:17:54: Exporting submesh texture aliases...
21:17:54: Submesh texture aliases exported.
21:17:54: Submesh exported.
21:17:54: Writing submesh...
21:17:54: Exporting submesh texture aliases...
21:17:54: Submesh texture aliases exported.
21:17:54: Submesh exported.
21:17:54: Writing submesh...
21:17:54: Exporting submesh texture aliases...
21:17:54: Submesh texture aliases exported.
21:17:54: Submesh exported.
21:17:54: Writing submesh...
21:17:54: Exporting submesh texture aliases...
21:17:54: Submesh texture aliases exported.
21:17:54: Submesh exported.
21:17:54: Exporting bounds information....
21:17:54: Bounds information exported.
21:17:54: Exporting submesh name table...
21:17:54: Submesh name table exported.
21:17:54: Exporting edge lists...
21:17:54: Edge lists exported
21:17:54: Mesh data exported.
21:17:54: MeshSerializer export successful.
21:17:54: Unregistering ResourceManager for type Skeleton
21:17:54: Unregistering ResourceManager for type Material
21:17:54: Unregistering ResourceManager for type Mesh
