00:00:46: Creating resource group General
00:00:46: Creating resource group Internal
00:00:46: Creating resource group Autodetect
00:00:46: Registering ResourceManager for type Mesh
00:00:46: Registering ResourceManager for type Material
00:00:46: Registering ResourceManager for type Skeleton
00:00:46: XMLMeshSerializer reading mesh data from Cat_(null).mesh.xml...
00:00:46: Reading geometry...
00:00:46: Geometry done...
00:00:46: Reading submeshes...
00:00:46: Submeshes done.
00:00:46: Reading mesh names...
00:00:46: Mesh names done.
00:00:46: XMLMeshSerializer import successful.
00:00:46: Reorganising vertex buffers to automatic layout..
00:00:46: MeshSerializer writing mesh data to stream ...
00:00:46: File header written.
00:00:46: Writing mesh data...
00:00:46: Writing submesh...
00:00:46: Exporting submesh texture aliases...
00:00:46: Submesh texture aliases exported.
00:00:46: Submesh exported.
00:00:46: Exporting bounds information....
00:00:46: Bounds information exported.
00:00:46: Exporting submesh name table...
00:00:46: Submesh name table exported.
00:00:46: Exporting edge lists...
00:00:46: Edge lists exported
00:00:46: Mesh data exported.
00:00:46: MeshSerializer export successful.
00:00:46: Unregistering ResourceManager for type Skeleton
00:00:46: Unregistering ResourceManager for type Material
00:00:46: Unregistering ResourceManager for type Mesh
